0 info it worked if it ends with ok
1 verbose cli [ '/Users/jonasmyrenas/.nvm/v0.10.32/bin/node',
1 verbose cli   '/Users/jonasmyrenas/.nvm/v0.10.32/bin/npm',
1 verbose cli   'install',
1 verbose cli   'angular@1.4~--save-dev' ]
2 info using npm@1.4.28
3 info using node@v0.10.32
4 warn package.json yesNoDirective@1.0.0 No description
5 warn package.json yesNoDirective@1.0.0 No repository field.
6 warn package.json yesNoDirective@1.0.0 No README data
7 verbose readDependencies using package.json deps
8 verbose cache add [ 'angular@1.4~--save-dev', null ]
9 verbose cache add name=undefined spec="angular@1.4~--save-dev" args=["angular@1.4~--save-dev",null]
10 verbose parsed url { protocol: null,
10 verbose parsed url   slashes: null,
10 verbose parsed url   auth: null,
10 verbose parsed url   host: null,
10 verbose parsed url   port: null,
10 verbose parsed url   hostname: null,
10 verbose parsed url   hash: null,
10 verbose parsed url   search: null,
10 verbose parsed url   query: null,
10 verbose parsed url   pathname: 'angular@1.4~--save-dev',
10 verbose parsed url   path: 'angular@1.4~--save-dev',
10 verbose parsed url   href: 'angular@1.4~--save-dev' }
11 verbose cache add name="angular" spec="1.4~--save-dev" args=["angular","1.4~--save-dev"]
12 verbose parsed url { protocol: null,
12 verbose parsed url   slashes: null,
12 verbose parsed url   auth: null,
12 verbose parsed url   host: null,
12 verbose parsed url   port: null,
12 verbose parsed url   hostname: null,
12 verbose parsed url   hash: null,
12 verbose parsed url   search: null,
12 verbose parsed url   query: null,
12 verbose parsed url   pathname: '1.4~--save-dev',
12 verbose parsed url   path: '1.4~--save-dev',
12 verbose parsed url   href: '1.4~--save-dev' }
13 verbose addNamed [ 'angular', '1.4~--save-dev' ]
14 verbose addNamed [ null, null ]
15 silly lockFile 390dd848-angular-1-4-save-dev angular@1.4~--save-dev
16 verbose lock angular@1.4~--save-dev /Users/jonasmyrenas/.npm/390dd848-angular-1-4-save-dev.lock
17 info addNameTag [ 'angular', '1.4~--save-dev' ]
18 verbose request where is /angular
19 verbose request registry https://registry.npmjs.org/
20 verbose request id 34312386365e5eb1
21 verbose url raw /angular
22 verbose url resolving [ 'https://registry.npmjs.org/', './angular' ]
23 verbose url resolved https://registry.npmjs.org/angular
24 verbose request where is https://registry.npmjs.org/angular
25 info trying registry request attempt 1 at 20:20:59
26 verbose etag "1RUHN6IJU8KRZKXLVX4BH27ZJ"
27 http GET https://registry.npmjs.org/angular
28 http 304 https://registry.npmjs.org/angular
29 silly registry.get cb [ 304,
29 silly registry.get   { date: 'Thu, 02 Jul 2015 18:20:56 GMT',
29 silly registry.get     via: '1.1 varnish',
29 silly registry.get     'cache-control': 'max-age=60',
29 silly registry.get     etag: '"1RUHN6IJU8KRZKXLVX4BH27ZJ"',
29 silly registry.get     age: '36',
29 silly registry.get     connection: 'keep-alive',
29 silly registry.get     'x-served-by': 'cache-fra1227-FRA',
29 silly registry.get     'x-cache': 'HIT',
29 silly registry.get     'x-cache-hits': '1',
29 silly registry.get     'x-timer': 'S1435861256.446350,VS0,VE0',
29 silly registry.get     vary: 'Accept' } ]
30 verbose etag https://registry.npmjs.org/angular from cache
31 silly lockFile 390dd848-angular-1-4-save-dev angular@1.4~--save-dev
32 silly lockFile 390dd848-angular-1-4-save-dev angular@1.4~--save-dev
33 error notarget No compatible version found: angular@'1.4~--save-dev'
33 error notarget Valid install targets:
33 error notarget ["0.0.1","0.0.1-1","0.0.1-2","0.0.2","0.0.3","0.0.4","1.0.0","1.0.1","1.0.2","1.0.3","1.0.4","1.0.5","1.0.6","1.0.7","1.0.8","1.1.0","1.1.1","1.1.2","1.1.3","1.1.4","1.1.5","1.2.0","1.2.1","1.2.2","1.2.3","1.2.4","1.2.5","1.2.6","1.2.7","1.2.8","1.2.9","1.2.10","1.2.11","1.2.12","1.2.13","1.2.14","1.2.15","1.2.16","1.2.17","1.2.18","1.2.19","1.2.20","1.2.21","1.2.22","1.2.23","1.3.0-rc.5","1.3.0","1.3.1","1.3.2","1.3.3","1.3.4-build.3588","1.2.27","1.3.4","1.3.5","1.3.6","1.3.7","1.2.28","1.3.8","1.4.0-beta.0","1.3.9","1.3.10","1.4.0-beta.1","1.4.0-beta.2","1.3.11","1.4.0-beta.3","1.3.12","1.3.13","1.4.0-beta.4","1.3.14","1.4.0-beta.5","1.4.0-beta.6","1.3.15","1.4.0-rc.0","1.4.0-rc.1","1.4.0-rc.2","1.4.0","1.3.16","1.4.1"]
33 error notarget
33 error notarget This is most likely not a problem with npm itself.
33 error notarget In most cases you or one of your dependencies are requesting
33 error notarget a package version that doesn't exist.
34 error System Darwin 14.3.0
35 error command "/Users/jonasmyrenas/.nvm/v0.10.32/bin/node" "/Users/jonasmyrenas/.nvm/v0.10.32/bin/npm" "install" "angular@1.4~--save-dev"
36 error cwd /Users/jonasmyrenas/Projects/Personal/yesNoDirective
37 error node -v v0.10.32
38 error npm -v 1.4.28
39 error code ETARGET
40 verbose exit [ 1, true ]
